  Source.cpp
e:\project\game\game\entity.h(18): warning C4244: =: преобразование "int" в "float", возможна потеря данных
e:\project\game\game\entity.h(19): warning C4244: =: преобразование "int" в "float", возможна потеря данных
e:\project\game\game\entity.h(31): warning C4244: аргумент: преобразование "float" в "int", возможна потеря данных
e:\project\game\game\source.cpp(29): warning C4244: аргумент: преобразование "unsigned int" в "float", возможна потеря данных
e:\project\game\game\source.cpp(30): warning C4305: аргумент: усечение из "double" в "float"
e:\project\game\game\source.cpp(33): warning C4305: аргумент: усечение из "double" в "float"
e:\project\game\game\source.cpp(34): warning C4305: аргумент: усечение из "double" в "float"
e:\project\game\game\source.cpp(35): warning C4305: аргумент: усечение из "double" в "float"
e:\project\game\game\source.cpp(36): warning C4305: аргумент: усечение из "double" в "float"
e:\project\game\game\source.cpp(37): warning C4305: аргумент: усечение из "double" в "float"
e:\project\game\game\source.cpp(41): warning C4305: аргумент: усечение из "double" в "float"
e:\project\game\game\source.cpp(42): warning C4305: аргумент: усечение из "double" в "float"
e:\project\game\game\source.cpp(57): warning C4244: инициализация: преобразование "sf::Int64" в "float", возможна потеря данных
e:\project\game\game\source.cpp(69): warning C4244: аргумент: преобразование "float" в "int", возможна потеря данных
e:\project\game\game\source.cpp(71): warning C4018: <: несоответствие типов со знаком и без знака
e:\project\game\game\source.cpp(80): warning C4018: <: несоответствие типов со знаком и без знака
e:\project\game\game\source.cpp(86): warning C4305: =: усечение из "double" в "float"
e:\project\game\game\source.cpp(94): warning C4018: <: несоответствие типов со знаком и без знака
e:\project\game\game\source.cpp(113): warning C4018: <: несоответствие типов со знаком и без знака
  Player.cpp
e:\project\game\game\entity.h(18): warning C4244: =: преобразование "int" в "float", возможна потеря данных
e:\project\game\game\entity.h(19): warning C4244: =: преобразование "int" в "float", возможна потеря данных
e:\project\game\game\entity.h(31): warning C4244: аргумент: преобразование "float" в "int", возможна потеря данных
e:\project\game\game\player.cpp(13): warning C4244: +=: преобразование "double" в "float", возможна потеря данных
e:\project\game\game\player.cpp(22): warning C4244: инициализация: преобразование "float" в "int", возможна потеря данных
e:\project\game\game\player.cpp(23): warning C4244: инициализация: преобразование "float" в "int", возможна потеря данных
e:\project\game\game\player.cpp(27): warning C4244: =: преобразование "int" в "float", возможна потеря данных
e:\project\game\game\player.cpp(36): warning C4244: =: преобразование "int" в "float", возможна потеря данных
e:\project\game\game\player.cpp(62): warning C4305: =: усечение из "double" в "float"
e:\project\game\game\player.cpp(67): warning C4305: =: усечение из "double" в "float"
e:\project\game\game\player.cpp(72): warning C4305: =: усечение из "double" в "float"
  Map.cpp
e:\project\game\game\map.cpp(9): warning C4244: аргумент: преобразование "int" в "float", возможна потеря данных
  Entity.cpp
e:\project\game\game\entity.h(18): warning C4244: =: преобразование "int" в "float", возможна потеря данных
e:\project\game\game\entity.h(19): warning C4244: =: преобразование "int" в "float", возможна потеря данных
e:\project\game\game\entity.h(31): warning C4244: аргумент: преобразование "float" в "int", возможна потеря данных
  Enemy.cpp
e:\project\game\game\entity.h(18): warning C4244: =: преобразование "int" в "float", возможна потеря данных
e:\project\game\game\entity.h(19): warning C4244: =: преобразование "int" в "float", возможна потеря данных
e:\project\game\game\entity.h(31): warning C4244: аргумент: преобразование "float" в "int", возможна потеря данных
e:\project\game\game\enemy.cpp(4): warning C4305: аргумент: усечение из "double" в "float"
  Bullet.cpp
e:\project\game\game\entity.h(18): warning C4244: =: преобразование "int" в "float", возможна потеря данных
e:\project\game\game\entity.h(19): warning C4244: =: преобразование "int" в "float", возможна потеря данных
e:\project\game\game\entity.h(31): warning C4244: аргумент: преобразование "float" в "int", возможна потеря данных
e:\project\game\game\bullet.cpp(4): warning C4305: аргумент: усечение из "double" в "float"
e:\project\game\game\bullet.cpp(5): warning C4305: =: усечение из "double" в "float"
e:\project\game\game\bullet.cpp(10): warning C4244: инициализация: преобразование "float" в "int", возможна потеря данных
e:\project\game\game\bullet.cpp(11): warning C4244: инициализация: преобразование "float" в "int", возможна потеря данных
  AnimationManager.cpp
e:\project\game\game\animationmanager.cpp(8): warning C4244: аргумент: преобразование "int" в "float", возможна потеря данных
e:\project\game\game\animationmanager.cpp(17): warning C4244: аргумент: преобразование "int" в "float", возможна потеря данных
e:\project\game\game\animationmanager.cpp(41): warning C4244: return: преобразование "int" в "float", возможна потеря данных
e:\project\game\game\animationmanager.cpp(45): warning C4244: return: преобразование "int" в "float", возможна потеря данных
  Animation.cpp
e:\project\game\game\animation.cpp(19): warning C4244: инициализация: преобразование "float" в "int", возможна потеря данных
  Создание кода...
  game.vcxproj -> E:\Project\game\Debug\game.exe
  game.vcxproj -> E:\Project\game\Debug\game.pdb (Partial PDB)
